<?xml version="1.0" encoding="UTF-8"?>
<testng-results ignored="0" total="1" passed="1" failed="0" skipped="0">
  <reporter-output>
  </reporter-output>
  <suite started-at="2022-08-23T16:21:24 IST" name="Default suite" finished-at="2022-08-23T16:21:37 IST" duration-ms="13613">
    <groups>
    </groups>
    <test started-at="2022-08-23T16:21:24 IST" name="Default test" finished-at="2022-08-23T16:21:37 IST" duration-ms="13613">
      <class name="zerodha_automation.Zerodha_forgetpage_Test">
        <test-method is-config="true" signature="generatereports()[pri:0, instance:zerodha_automation.Zerodha_forgetpage_Test@54a7079e]" started-at="2022-08-23T16:21:24 IST" name="generatereports" finished-at="2022-08-23T16:21:24 IST" duration-ms="484" status="PASS">
          <reporter-output>
          </reporter-output>
        </test-method> <!-- generatereports -->
        <test-method signature="validdata()[pri:0, instance:zerodha_automation.Zerodha_forgetpage_Test@54a7079e]" started-at="2022-08-23T16:21:24 IST" name="validdata" finished-at="2022-08-23T16:21:37 IST" duration-ms="12605" status="PASS">
          <reporter-output>
          </reporter-output>
        </test-method> <!-- validdata -->
        <test-method is-config="true" signature="posttest(org.testng.ITestResult)[pri:0, instance:zerodha_automation.Zerodha_forgetpage_Test@54a7079e]" started-at="2022-08-23T16:21:37 IST" name="posttest" finished-at="2022-08-23T16:21:37 IST" duration-ms="10" status="PASS">
          <params>
            <param index="0">
              <value>
                <![CDATA[[TestResult name=validdata status=SUCCESS method=Zerodha_forgetpage_Test.validdata()[pri:0, instance:zerodha_automation.Zerodha_forgetpage_Test@54a7079e] output={null}]]]>
              </value>
            </param>
          </params>
          <reporter-output>
          </reporter-output>
        </test-method> <!-- posttest -->
        <test-method is-config="true" signature="flushreports()[pri:0, instance:zerodha_automation.Zerodha_forgetpage_Test@54a7079e]" started-at="2022-08-23T16:21:37 IST" name="flushreports" finished-at="2022-08-23T16:21:37 IST" duration-ms="470" status="PASS">
          <reporter-output>
          </reporter-output>
        </test-method> <!-- flushreports -->
      </class> <!-- zerodha_automation.Zerodha_forgetpage_Test -->
    </test> <!-- Default test -->
  </suite> <!-- Default suite -->
</testng-results>
